root - INFO - Calculate timing of ingestion.py
root - INFO - Calculate timing of training.py
root - INFO - Calculating missing data
root - INFO - Cheking the dependencies
root - INFO - Calculate timing of ingestion.py
root - INFO - Calculate timing of training.py
root - INFO - Calculating missing data
root - INFO - Cheking the dependencies
root - INFO - Calculate timing of ingestion.py
root - INFO - Calculate timing of training.py
root - INFO - Calculating missing data
root - INFO - Cheking the dependencies
root - INFO - Calculate timing of ingestion.py
root - INFO - Calculate timing of training.py
root - INFO - Calculating missing data
root - INFO - Cheking the dependencies
root - INFO - Calculate timing of ingestion.py
root - INFO - Calculate timing of training.py
root - INFO - Start the classification report - 2023_05_27:07-21
root - INFO - Calculating missing data
root - INFO - Cheking the dependencies
