root - INFO - Running ingestion.py 05/22/2023, 21:34:29
root - INFO - INFO: Load the config file 05/22/2023, 21:34:29
root - INFO - Info check for the datasets 05/22/2023, 21:34:29
root - INFO - Final dataset saved in the folder ingesteddata                  05/22/2023, 21:34:29
root - INFO - Save metadata for Data ingestion 05/22/2023, 21:34:29
root - INFO - Running ingestion.py 05/22/2023, 21:35:10
root - INFO - INFO: Load the config file 05/22/2023, 21:35:10
root - INFO - Info check for the datasets 05/22/2023, 21:35:10
root - INFO - Final dataset saved in the folder ingesteddata                  05/22/2023, 21:35:10
root - INFO - Save metadata for Data ingestion 05/22/2023, 21:35:10
root - INFO - Running ingestion.py 05/27/2023, 06:37:59
root - INFO - INFO: Load the config file 05/27/2023, 06:37:59
root - INFO - Info check for the datasets 05/27/2023, 06:37:59
root - INFO - Final dataset saved in the folder ingesteddata                  05/27/2023, 06:37:59
root - INFO - Save metadata for Data ingestion 05/27/2023, 06:37:59
root - INFO - Running ingestion.py 05/27/2023, 06:39:14
root - INFO - INFO: Load the config file 05/27/2023, 06:39:14
root - INFO - Info check for the datasets 05/27/2023, 06:39:14
root - INFO - Final dataset saved in the folder ingesteddata                  05/27/2023, 06:39:14
root - INFO - Save metadata for Data ingestion 05/27/2023, 06:39:14
root - INFO - Running ingestion.py 05/27/2023, 06:45:42
root - INFO - INFO: Load the config file 05/27/2023, 06:45:42
root - INFO - Info check for the datasets 05/27/2023, 06:45:42
root - INFO - Final dataset saved in the folder ingesteddata                  05/27/2023, 06:45:42
root - INFO - Save metadata for Data ingestion 05/27/2023, 06:45:42
root - INFO - Running ingestion.py 05/27/2023, 06:47:18
root - INFO - INFO: Load the config file 05/27/2023, 06:47:18
root - INFO - Info check for the datasets 05/27/2023, 06:47:18
root - INFO - Final dataset saved in the folder ingesteddata                  05/27/2023, 06:47:18
root - INFO - Save metadata for Data ingestion 05/27/2023, 06:47:18
root - INFO - Running ingestion.py 05/27/2023, 07:21:45
root - INFO - INFO: Load the config file 05/27/2023, 07:21:45
root - INFO - Info check for the datasets 05/27/2023, 07:21:45
root - INFO - Final dataset saved in the folder ingesteddata                  05/27/2023, 07:21:45
root - INFO - Save metadata for Data ingestion 05/27/2023, 07:21:45
root - INFO - Running ingestion.py 05/27/2023, 09:49:48
root - INFO - INFO: Load the config file 05/27/2023, 09:49:48
root - INFO - Info check for the datasets 05/27/2023, 09:49:48
root - INFO - Final dataset saved in the folder ingesteddata                  05/27/2023, 09:49:48
root - INFO - Save metadata for Data ingestion 05/27/2023, 09:49:48
root - INFO - Running ingestion.py 05/27/2023, 11:43:56
root - INFO - INFO: Load the config file 05/27/2023, 11:43:56
root - INFO - Info check for the datasets 05/27/2023, 11:43:56
root - INFO - Final dataset saved in the folder ingesteddata                  05/27/2023, 11:43:56
root - INFO - Save metadata for Data ingestion 05/27/2023, 11:43:56
root - INFO - Running ingestion.py 05/27/2023, 11:44:48
root - INFO - INFO: Load the config file 05/27/2023, 11:44:48
root - INFO - Info check for the datasets 05/27/2023, 11:44:48
root - INFO - Final dataset saved in the folder ingesteddata                  05/27/2023, 11:44:48
root - INFO - Save metadata for Data ingestion 05/27/2023, 11:44:48
root - INFO - Running ingestion.py 05/27/2023, 13:26:52
root - INFO - INFO: Load the config file 05/27/2023, 13:26:52
root - INFO - Info check for the datasets 05/27/2023, 13:26:52
root - INFO - Final dataset saved in the folder ingesteddata                  05/27/2023, 13:26:52
root - INFO - Save metadata for Data ingestion 05/27/2023, 13:26:52
root - INFO - Running ingestion.py 05/27/2023, 13:27:43
root - INFO - INFO: Load the config file 05/27/2023, 13:27:43
root - INFO - Info check for the datasets 05/27/2023, 13:27:43
root - INFO - Final dataset saved in the folder ingesteddata                  05/27/2023, 13:27:43
root - INFO - Save metadata for Data ingestion 05/27/2023, 13:27:43
root - INFO - Running ingestion.py 05/27/2023, 13:32:56
root - INFO - INFO: Load the config file 05/27/2023, 13:32:56
root - INFO - Info check for the datasets 05/27/2023, 13:32:56
root - INFO - Final dataset saved in the folder ingesteddata                  05/27/2023, 13:32:56
root - INFO - Save metadata for Data ingestion 05/27/2023, 13:32:56
root - INFO - Running ingestion.py 05/27/2023, 13:39:45
root - INFO - INFO: Load the config file 05/27/2023, 13:39:45
root - INFO - Info check for the datasets 05/27/2023, 13:39:45
root - INFO - Final dataset saved in the folder ingesteddata                  05/27/2023, 13:39:45
root - INFO - Save metadata for Data ingestion 05/27/2023, 13:39:45
root - INFO - Running ingestion.py 05/27/2023, 13:41:57
root - INFO - INFO: Load the config file 05/27/2023, 13:41:57
root - INFO - Info check for the datasets 05/27/2023, 13:41:57
root - INFO - Final dataset saved in the folder ingesteddata                  05/27/2023, 13:41:57
root - INFO - Save metadata for Data ingestion 05/27/2023, 13:41:57
root - INFO - Running ingestion.py 05/27/2023, 13:47:39
root - INFO - INFO: Load the config file 05/27/2023, 13:47:39
root - INFO - Info check for the datasets 05/27/2023, 13:47:39
root - INFO - Final dataset saved in the folder ingesteddata                  05/27/2023, 13:47:39
root - INFO - Save metadata for Data ingestion 05/27/2023, 13:47:39
root - INFO - Running ingestion.py 05/27/2023, 13:48:28
root - INFO - INFO: Load the config file 05/27/2023, 13:48:28
root - INFO - Info check for the datasets 05/27/2023, 13:48:28
root - INFO - Final dataset saved in the folder ingesteddata                  05/27/2023, 13:48:28
root - INFO - Save metadata for Data ingestion 05/27/2023, 13:48:28
root - INFO - Running ingestion.py 05/27/2023, 13:51:11
root - INFO - INFO: Load the config file 05/27/2023, 13:51:11
root - INFO - Info check for the datasets 05/27/2023, 13:51:11
root - INFO - Final dataset saved in the folder ingesteddata                  05/27/2023, 13:51:11
root - INFO - Save metadata for Data ingestion 05/27/2023, 13:51:11
root - INFO - Running ingestion.py 05/27/2023, 13:52:05
root - INFO - INFO: Load the config file 05/27/2023, 13:52:05
root - INFO - Info check for the datasets 05/27/2023, 13:52:05
root - INFO - Final dataset saved in the folder ingesteddata                  05/27/2023, 13:52:05
root - INFO - Save metadata for Data ingestion 05/27/2023, 13:52:05
root - INFO - Running ingestion.py 05/27/2023, 13:53:28
root - INFO - INFO: Load the config file 05/27/2023, 13:53:28
root - INFO - Info check for the datasets 05/27/2023, 13:53:28
root - INFO - Final dataset saved in the folder ingesteddata                  05/27/2023, 13:53:28
root - INFO - Save metadata for Data ingestion 05/27/2023, 13:53:28
root - INFO - Running ingestion.py 05/27/2023, 13:54:25
root - INFO - INFO: Load the config file 05/27/2023, 13:54:25
root - INFO - Info check for the datasets 05/27/2023, 13:54:25
root - INFO - Final dataset saved in the folder ingesteddata                  05/27/2023, 13:54:25
root - INFO - Save metadata for Data ingestion 05/27/2023, 13:54:25
root - INFO - Running ingestion.py 05/27/2023, 13:57:07
root - INFO - INFO: Load the config file 05/27/2023, 13:57:07
root - INFO - Info check for the datasets 05/27/2023, 13:57:07
root - INFO - Final dataset saved in the folder ingesteddata                  05/27/2023, 13:57:07
root - INFO - Save metadata for Data ingestion 05/27/2023, 13:57:07
root - INFO - Running ingestion.py 05/27/2023, 14:00:50
root - INFO - INFO: Load the config file 05/27/2023, 14:00:50
root - INFO - Info check for the datasets 05/27/2023, 14:00:50
root - INFO - Final dataset saved in the folder ingesteddata                  05/27/2023, 14:00:50
root - INFO - Save metadata for Data ingestion 05/27/2023, 14:00:50
root - INFO - Checking for new data
root - INFO - Checking for new data
root - INFO - Ingesting new data
root - INFO - INFO: Load the config file 05/27/2023, 15:35:24
root - INFO - Info check for the datasets 05/27/2023, 15:35:24
root - INFO - Final dataset saved in the folder ingesteddata                  05/27/2023, 15:35:24
root - INFO - Save metadata for Data ingestion 05/27/2023, 15:35:24
root - INFO - Checking for model drift
root - INFO - Checking for new data
root - INFO - Ingesting new data
root - INFO - INFO: Load the config file 05/27/2023, 15:36:00
root - INFO - Info check for the datasets 05/27/2023, 15:36:00
root - INFO - Final dataset saved in the folder ingesteddata                  05/27/2023, 15:36:00
root - INFO - Save metadata for Data ingestion 05/27/2023, 15:36:00
root - INFO - Checking for model drift
root - INFO - There is no model drift
root - INFO - Checking for new data
root - INFO - Ingesting new data
root - INFO - INFO: Load the config file 05/27/2023, 15:38:23
root - INFO - Info check for the datasets 05/27/2023, 15:38:23
root - INFO - Final dataset saved in the folder ingesteddata                  05/27/2023, 15:38:23
root - INFO - Save metadata for Data ingestion 05/27/2023, 15:38:23
root - INFO - Checking for model drift
root - INFO - There is no model drift
root - INFO - Checking for new data
root - INFO - Ingesting new data
root - INFO - INFO: Load the config file 05/27/2023, 15:38:46
root - INFO - Info check for the datasets 05/27/2023, 15:38:46
root - INFO - Final dataset saved in the folder ingesteddata                  05/27/2023, 15:38:46
root - INFO - Save metadata for Data ingestion 05/27/2023, 15:38:46
root - INFO - Checking for model drift
root - INFO - There is no model drift
root - INFO - Checking for new data
root - INFO - Ingesting new data
root - INFO - INFO: Load the config file 05/27/2023, 15:39:18
root - INFO - Info check for the datasets 05/27/2023, 15:39:18
root - INFO - Final dataset saved in the folder ingesteddata                  05/27/2023, 15:39:18
root - INFO - Save metadata for Data ingestion 05/27/2023, 15:39:18
root - INFO - Checking for model drift
root - INFO - There is no model drift
root - INFO - Checking for new data
root - INFO - Ingesting new data
root - INFO - INFO: Load the config file 05/27/2023, 15:42:41
root - INFO - Info check for the datasets 05/27/2023, 15:42:41
root - INFO - Final dataset saved in the folder ingesteddata                  05/27/2023, 15:42:41
root - INFO - Save metadata for Data ingestion 05/27/2023, 15:42:41
root - INFO - Checking for model drift
root - INFO - There is no model drift
root - INFO - Checking for new data
root - INFO - Ingesting new data
root - INFO - INFO: Load the config file 05/27/2023, 15:43:15
root - INFO - Info check for the datasets 05/27/2023, 15:43:15
root - INFO - Final dataset saved in the folder ingesteddata                  05/27/2023, 15:43:15
root - INFO - Save metadata for Data ingestion 05/27/2023, 15:43:15
root - INFO - Checking for model drift
root - INFO - There is no model drift
root - INFO - Checking for new data
root - INFO - Ingesting new data
root - INFO - INFO: Load the config file 05/27/2023, 15:44:23
root - INFO - Info check for the datasets 05/27/2023, 15:44:23
root - INFO - Final dataset saved in the folder ingesteddata                  05/27/2023, 15:44:23
root - INFO - Save metadata for Data ingestion 05/27/2023, 15:44:23
root - INFO - Checking for model drift
root - INFO - There is no model drift
root - INFO - Checking for new data
root - INFO - Ingesting new data
root - INFO - INFO: Load the config file 05/27/2023, 15:51:44
root - INFO - Info check for the datasets 05/27/2023, 15:51:44
root - INFO - Final dataset saved in the folder ingesteddata                  05/27/2023, 15:51:44
root - INFO - Save metadata for Data ingestion 05/27/2023, 15:51:44
root - INFO - Checking for model drift
root - INFO - There is no model drift New score: 0.6923076923076923,                      old score: 0.57
root - INFO - Checking for new data
root - INFO - Ingesting new data
root - INFO - INFO: Load the config file 05/27/2023, 15:53:00
root - INFO - Info check for the datasets 05/27/2023, 15:53:00
root - INFO - Final dataset saved in the folder ingesteddata                  05/27/2023, 15:53:00
root - INFO - Save metadata for Data ingestion 05/27/2023, 15:53:00
root - INFO - Checking for model drift
root - INFO - There is no model drift New score: 0.6923076923076923,                      old score: 0.57
root - INFO - Running ingestion.py 05/27/2023, 16:00:52
root - INFO - INFO: Load the config file 05/27/2023, 16:00:52
root - INFO - Info check for the datasets 05/27/2023, 16:00:52
root - INFO - Final dataset saved in the folder ingesteddata                  05/27/2023, 16:00:52
root - INFO - Save metadata for Data ingestion 05/27/2023, 16:00:52
root - INFO - Running ingestion.py 05/27/2023, 16:02:07
root - INFO - INFO: Load the config file 05/27/2023, 16:02:07
root - INFO - Info check for the datasets 05/27/2023, 16:02:07
root - INFO - Final dataset saved in the folder ingesteddata                  05/27/2023, 16:02:07
root - INFO - Save metadata for Data ingestion 05/27/2023, 16:02:07
root - INFO - Checking for new data
root - INFO - Ingesting new data
root - INFO - INFO: Load the config file 05/27/2023, 16:04:24
root - INFO - Info check for the datasets 05/27/2023, 16:04:24
root - INFO - Final dataset saved in the folder ingesteddata                  05/27/2023, 16:04:24
root - INFO - Save metadata for Data ingestion 05/27/2023, 16:04:24
root - INFO - Checking for model drift
root - INFO - There is no model drift New score: 0.6923076923076923,                      old score: 0.57
